INFO     planner time limit: None
INFO     planner memory limit: None

INFO     Running translator.
INFO     translator stdin: None
INFO     translator time limit: None
INFO     translator memory limit: None
INFO     translator command line string: /home/levlap/miniconda3/bin/python3 -m translate /home/levlap/Documents/Bachelorarbeit/downward-benchmarks/zenotravel/domain.pddl /home/levlap/Documents/Bachelorarbeit/downward-benchmarks/zenotravel/p14.pddl --sas-file output.sas
Parsing...
Parsing: [0.000s CPU, 0.003s wall-clock]
Normalizing task... [0.000s CPU, 0.000s wall-clock]
Instantiating...
Generating Datalog program... [0.000s CPU, 0.000s wall-clock]
Normalizing Datalog program...
Normalizing Datalog program: [0.010s CPU, 0.002s wall-clock]
Preparing model... [0.000s CPU, 0.001s wall-clock]
Generated 59 rules.
Computing model... [0.030s CPU, 0.030s wall-clock]
7138 relevant atoms
2034 auxiliary atoms
9172 final queue length
21257 total queue pushes
Completing instantiation... [0.170s CPU, 0.174s wall-clock]
Instantiating: [0.210s CPU, 0.210s wall-clock]
Computing fact groups...
Finding invariants...
9 initial candidates
Finding invariants: [0.000s CPU, 0.002s wall-clock]
Checking invariant weight... [0.000s CPU, 0.000s wall-clock]
Instantiating groups... [0.000s CPU, 0.001s wall-clock]
Collecting mutex groups... [0.000s CPU, 0.000s wall-clock]
Choosing groups...
0 uncovered facts
Choosing groups: [0.000s CPU, 0.000s wall-clock]
Building translation key... [0.000s CPU, 0.000s wall-clock]
Computing fact groups: [0.000s CPU, 0.004s wall-clock]
Building STRIPS to SAS dictionary... [0.000s CPU, 0.000s wall-clock]
Building dictionary for full mutex groups... [0.000s CPU, 0.000s wall-clock]
Building mutex information...
Building mutex information: [0.000s CPU, 0.000s wall-clock]
Translating task...
Processing axioms...
Simplifying axioms... [0.000s CPU, 0.000s wall-clock]
Translator axioms removed by simplifying: 0
Processing axioms: [0.020s CPU, 0.013s wall-clock]
Translating task: [0.130s CPU, 0.123s wall-clock]
0 effect conditions simplified
0 implied preconditions added
Detecting unreachable propositions...
0 operators removed
0 axioms removed
20 propositions removed
Detecting unreachable propositions: [0.150s CPU, 0.147s wall-clock]
Reordering and filtering variables...
19 of 20 variables necessary.
0 of 20 mutex groups necessary.
6700 of 6800 operators necessary.
0 of 0 axiom rules necessary.
Reordering and filtering variables: [0.010s CPU, 0.016s wall-clock]
Translator variables: 19
Translator derived variables: 0
Translator facts: 220
Translator goal facts: 12
Translator mutex groups: 0
Translator total mutex groups size: 0
Translator operators: 6700
Translator axioms: 0
Translator task size: 32001
Translator peak memory: 57196 KB
Writing output... [0.030s CPU, 0.029s wall-clock]
Done! [0.540s CPU, 0.544s wall-clock]
Parsing...
Parsing: [0.000s CPU, 0.001s wall-clock]
Normalizing task... [0.000s CPU, 0.000s wall-clock]
Instantiating...
Generating Datalog program... [0.000s CPU, 0.000s wall-clock]
Normalizing Datalog program...
Normalizing Datalog program: [0.000s CPU, 0.001s wall-clock]
Preparing model... [0.000s CPU, 0.001s wall-clock]
Generated 59 rules.
Computing model... [0.030s CPU, 0.031s wall-clock]
7138 relevant atoms
2034 auxiliary atoms
9172 final queue length
21257 total queue pushes
Completing instantiation... [0.160s CPU, 0.160s wall-clock]
Instantiating: [0.190s CPU, 0.195s wall-clock]
Computing fact groups...
Finding invariants...
9 initial candidates
Finding invariants: [0.000s CPU, 0.002s wall-clock]
Checking invariant weight... [0.000s CPU, 0.000s wall-clock]
Instantiating groups... [0.000s CPU, 0.001s wall-clock]
Collecting mutex groups... [0.000s CPU, 0.000s wall-clock]
Choosing groups...
0 uncovered facts
Choosing groups: [0.000s CPU, 0.000s wall-clock]
Building translation key... [0.000s CPU, 0.000s wall-clock]
Computing fact groups: [0.000s CPU, 0.003s wall-clock]
Building STRIPS to SAS dictionary... [0.000s CPU, 0.000s wall-clock]
Building dictionary for full mutex groups... [0.000s CPU, 0.000s wall-clock]
Building mutex information...
Building mutex information: [0.000s CPU, 0.000s wall-clock]
Translating task...
Processing axioms...
Simplifying axioms... [0.000s CPU, 0.000s wall-clock]
Translator axioms removed by simplifying: 0
Processing axioms: [0.010s CPU, 0.007s wall-clock]
Translating task: [0.100s CPU, 0.095s wall-clock]
0 effect conditions simplified
0 implied preconditions added
Detecting unreachable propositions...
0 operators removed
0 axioms removed
20 propositions removed
Detecting unreachable propositions: [0.070s CPU, 0.076s wall-clock]
Reordering and filtering variables...
19 of 20 variables necessary.
0 of 20 mutex groups necessary.
6700 of 6800 operators necessary.
0 of 0 axiom rules necessary.
Reordering and filtering variables: [0.020s CPU, 0.012s wall-clock]
Translator variables: 19
Translator derived variables: 0
Translator facts: 220
Translator goal facts: 12
Translator mutex groups: 0
Translator total mutex groups size: 0
Translator operators: 6700
Translator axioms: 0
Translator task size: 32001
Translator peak memory: 57508 KB
Writing output... [0.030s CPU, 0.024s wall-clock]
Done! [0.410s CPU, 0.417s wall-clock]
translate exit code: 0

INFO     Planner time: 1.03s
