INFO     planner time limit: None
INFO     planner memory limit: None

INFO     Running translator.
INFO     translator stdin: None
INFO     translator time limit: None
INFO     translator memory limit: None
INFO     translator command line string: /home/levlap/miniconda3/bin/python3 -m translate /home/levlap/Documents/Bachelorarbeit/downward-benchmarks/zenotravel/domain.pddl /home/levlap/Documents/Bachelorarbeit/downward-benchmarks/zenotravel/p17.pddl --sas-file output.sas
Parsing...
Parsing: [0.000s CPU, 0.003s wall-clock]
Normalizing task... [0.000s CPU, 0.000s wall-clock]
Instantiating...
Generating Datalog program... [0.000s CPU, 0.000s wall-clock]
Normalizing Datalog program...
Normalizing Datalog program: [0.000s CPU, 0.002s wall-clock]
Preparing model... [0.000s CPU, 0.001s wall-clock]
Generated 59 rules.
Computing model... [0.080s CPU, 0.071s wall-clock]
18446 relevant atoms
3586 auxiliary atoms
22032 final queue length
53367 total queue pushes
Completing instantiation... [0.370s CPU, 0.381s wall-clock]
Instantiating: [0.460s CPU, 0.459s wall-clock]
Computing fact groups...
Finding invariants...
9 initial candidates
Finding invariants: [0.000s CPU, 0.004s wall-clock]
Checking invariant weight... [0.000s CPU, 0.000s wall-clock]
Instantiating groups... [0.000s CPU, 0.001s wall-clock]
Collecting mutex groups... [0.000s CPU, 0.000s wall-clock]
Choosing groups...
0 uncovered facts
Choosing groups: [0.000s CPU, 0.000s wall-clock]
Building translation key... [0.000s CPU, 0.000s wall-clock]
Computing fact groups: [0.010s CPU, 0.007s wall-clock]
Building STRIPS to SAS dictionary... [0.000s CPU, 0.000s wall-clock]
Building dictionary for full mutex groups... [0.000s CPU, 0.000s wall-clock]
Building mutex information...
Building mutex information: [0.000s CPU, 0.000s wall-clock]
Translating task...
Processing axioms...
Simplifying axioms... [0.000s CPU, 0.000s wall-clock]
Translator axioms removed by simplifying: 0
Processing axioms: [0.010s CPU, 0.017s wall-clock]
Translating task: [0.290s CPU, 0.294s wall-clock]
0 effect conditions simplified
0 implied preconditions added
Detecting unreachable propositions...
0 operators removed
0 axioms removed
30 propositions removed
Detecting unreachable propositions: [0.190s CPU, 0.191s wall-clock]
Reordering and filtering variables...
30 of 30 variables necessary.
0 of 30 mutex groups necessary.
17760 of 17760 operators necessary.
0 of 0 axiom rules necessary.
Reordering and filtering variables: [0.030s CPU, 0.032s wall-clock]
Translator variables: 30
Translator derived variables: 0
Translator facts: 535
Translator goal facts: 23
Translator mutex groups: 0
Translator total mutex groups size: 0
Translator operators: 17760
Translator axioms: 0
Translator task size: 84828
Translator peak memory: 95208 KB
Writing output... [0.070s CPU, 0.066s wall-clock]
Done! [1.070s CPU, 1.071s wall-clock]
Parsing...
Parsing: [0.000s CPU, 0.001s wall-clock]
Normalizing task... [0.000s CPU, 0.000s wall-clock]
Instantiating...
Generating Datalog program... [0.000s CPU, 0.000s wall-clock]
Normalizing Datalog program...
Normalizing Datalog program: [0.000s CPU, 0.001s wall-clock]
Preparing model... [0.010s CPU, 0.001s wall-clock]
Generated 59 rules.
Computing model... [0.060s CPU, 0.067s wall-clock]
18446 relevant atoms
3586 auxiliary atoms
22032 final queue length
53367 total queue pushes
Completing instantiation... [0.390s CPU, 0.393s wall-clock]
Instantiating: [0.460s CPU, 0.466s wall-clock]
Computing fact groups...
Finding invariants...
9 initial candidates
Finding invariants: [0.010s CPU, 0.004s wall-clock]
Checking invariant weight... [0.000s CPU, 0.000s wall-clock]
Instantiating groups... [0.000s CPU, 0.001s wall-clock]
Collecting mutex groups... [0.000s CPU, 0.000s wall-clock]
Choosing groups...
0 uncovered facts
Choosing groups: [0.000s CPU, 0.000s wall-clock]
Building translation key... [0.000s CPU, 0.000s wall-clock]
Computing fact groups: [0.010s CPU, 0.007s wall-clock]
Building STRIPS to SAS dictionary... [0.000s CPU, 0.000s wall-clock]
Building dictionary for full mutex groups... [0.000s CPU, 0.000s wall-clock]
Building mutex information...
Building mutex information: [0.000s CPU, 0.000s wall-clock]
Translating task...
Processing axioms...
Simplifying axioms... [0.000s CPU, 0.000s wall-clock]
Translator axioms removed by simplifying: 0
Processing axioms: [0.020s CPU, 0.017s wall-clock]
